<?xml version="1.0" encoding="UTF-8"?>
<!-- Generated by org.testng.reporters.JUnitReportReporter -->
<testsuite hostname="Ilnur-PC" failures="0" tests="1" name="samson.MethodInfo" time="7.295" errors="0" timestamp="2020-09-19T12:47:38 MSK" skipped="0">
  <testcase classname="samson.MethodInfo" name="annotation" time="7.295"/>
  <system-out/>
</testsuite> <!-- samson.MethodInfo -->
